Build started 8-6-2015 21:11:48.
     1>Project "D:\Github\Prisma-sim\Prisma Sim\Prisma Sim\Prisma Sim.vcxproj" on node 2 (Build target(s)).
     1>ClCompile:
         D:\visual studio\VC\bin\CL.exe /c /Zi /nologo /W3 /WX- /MP /O2 /Oi /Ot /Oy- /GL /D WIN32 /D NDEBUG /D _WINDOWS /D _UNICODE /D UNICODE /Gm- /EHsc /MD /GS- /Gy /arch:SSE2 /fp:fast /Zc:wchar_t /Zc:forScope /Fo"Release\\" /Fd"Release\vc120.pdb" /Gd /TP /analyze- /errorReport:prompt Game.cpp
         Game.cpp
       Link:
         D:\visual studio\VC\bin\link.exe /ERRORREPORT:PROMPT /OUT:"D:\Github\Prisma-sim\Prisma Sim\Release\Prisma Sim.exe" /INCREMENTAL:NO /NOLOGO kernel32.lib user32.lib gdi32.lib winspool.lib comdlg32.lib advapi32.lib shell32.lib ole32.lib oleaut32.lib uuid.lib odbc32.lib odbccp32.lib /MANIFEST /MANIFESTUAC:"level='asInvoker' uiAccess='false'" /manifest:embed /DEBUG /PDB:"D:\Github\Prisma-sim\Prisma Sim\Release\Prisma Sim.pdb" /SUBSYSTEM:WINDOWS /OPT:REF /OPT:ICF /LTCG /TLBID:1 /DYNAMICBASE /NXCOMPAT /IMPLIB:"D:\Github\Prisma-sim\Prisma Sim\Release\Prisma Sim.lib" /MACHINE:X86 /SAFESEH Release\D3DGraphics.obj
         Release\Game.obj
         Release\Keyboard.obj
         Release\Mouse.obj
         Release\Sound.obj
         Release\Timer.obj
         Release\Windows.obj
         ChiliDirectXFramework.res
         Generating code
         Finished generating code
         Prisma Sim.vcxproj -> D:\Github\Prisma-sim\Prisma Sim\Release\Prisma Sim.exe
     1>Done Building Project "D:\Github\Prisma-sim\Prisma Sim\Prisma Sim\Prisma Sim.vcxproj" (Build target(s)).

Build succeeded.

Time Elapsed 00:00:01.96
